<?xml version="1.0" encoding="UTF-8"?>
<testng-results skipped="0" failed="0" ignored="0" total="1" passed="1">
  <reporter-output>
  </reporter-output>
  <suite name="Default suite" duration-ms="10710" started-at="2019-01-19T21:43:05Z" finished-at="2019-01-19T21:43:16Z">
    <groups>
    </groups>
    <test name="Default test" duration-ms="10710" started-at="2019-01-19T21:43:05Z" finished-at="2019-01-19T21:43:16Z">
      <class name="Academy.HomePage">
        <test-method status="PASS" signature="basePageNavigation()[pri:0, instance:Academy.HomePage@1b604f19]" name="basePageNavigation" duration-ms="10687" started-at="2019-01-19T21:43:05Z" finished-at="2019-01-19T21:43:16Z">
          <reporter-output>
          </reporter-output>
        </test-method> <!-- basePageNavigation -->
      </class> <!-- Academy.HomePage -->
    </test> <!-- Default test -->
  </suite> <!-- Default suite -->
</testng-results>
