<?xml version="1.0" encoding="UTF-8"?>
<testng-results skipped="0" failed="0" ignored="0" total="2" passed="2">
  <reporter-output>
  </reporter-output>
  <suite name="Default suite" duration-ms="22039" started-at="2019-01-19T23:52:33Z" finished-at="2019-01-19T23:52:55Z">
    <groups>
    </groups>
    <test name="Default test" duration-ms="22039" started-at="2019-01-19T23:52:33Z" finished-at="2019-01-19T23:52:55Z">
      <class name="Academy.ValidateObjects">
        <test-method status="PASS" signature="validateMainNavigation()[pri:0, instance:Academy.ValidateObjects@1b604f19]" name="validateMainNavigation" duration-ms="10708" started-at="2019-01-19T23:52:33Z" finished-at="2019-01-19T23:52:43Z">
          <reporter-output>
          </reporter-output>
        </test-method> <!-- validateMainNavigation -->
        <test-method status="PASS" signature="validateTitle()[pri:0, instance:Academy.ValidateObjects@1b604f19]" name="validateTitle" duration-ms="11310" started-at="2019-01-19T23:52:43Z" finished-at="2019-01-19T23:52:55Z">
          <reporter-output>
          </reporter-output>
        </test-method> <!-- validateTitle -->
      </class> <!-- Academy.ValidateObjects -->
    </test> <!-- Default test -->
  </suite> <!-- Default suite -->
</testng-results>
